[2024-01-19 13:22:13,143:INFO:main:Data Ingestion Stage STARTED]
[2024-01-19 13:22:13,148:INFO:common:yaml file: config/config.yaml loaded]
[2024-01-19 13:22:13,149:INFO:common:yaml file: params.yaml loaded]
[2024-01-19 13:22:13,152:INFO:common:yaml file: schema.yaml loaded]
[2024-01-19 13:22:13,152:INFO:common:created directory at: artifacts]
[2024-01-19 13:22:13,152:INFO:common:created directory at: artifacts/data_ingestion]
[2024-01-19 13:22:13,553:INFO:data_ingestion:artifacts/data_ingestion/data.zip download! with following info: 
Connection: close
Content-Length: 26148
Cache-Control: max-age=300
Content-Security-Policy: default-src 'none'; style-src 'unsafe-inline'; sandbox
Content-Type: application/zip
ETag: "3a0d88cacc77beac7967671b263cb53d7852b9f13bd89c20dedebb8aaf1c9965"
Strict-Transport-Security: max-age=31536000
X-Content-Type-Options: nosniff
X-Frame-Options: deny
X-XSS-Protection: 1; mode=block
X-GitHub-Request-Id: 9D0C:BD42A:B4EC95:C68D4B:65AA1F06
Accept-Ranges: bytes
Date: Fri, 19 Jan 2024 07:52:13 GMT
Via: 1.1 varnish
X-Served-By: cache-bom4739-BOM
X-Cache: HIT
X-Cache-Hits: 1
X-Timer: S1705650734.548269,VS0,VE1
Vary: Authorization,Accept-Encoding,Origin
Access-Control-Allow-Origin: *
Cross-Origin-Resource-Policy: cross-origin
X-Fastly-Request-ID: c80cff77718a31d3a5b407eb4cd3405f6b16582b
Expires: Fri, 19 Jan 2024 07:57:13 GMT
Source-Age: 61

]
[2024-01-19 13:22:13,556:INFO:main:Data Ingestion Stage COMPLETED]
[2024-01-19 13:22:13,556:INFO:main:Data Valdiation Stage STARTED]
[2024-01-19 13:22:13,560:INFO:common:yaml file: config/config.yaml loaded]
[2024-01-19 13:22:13,561:INFO:common:yaml file: params.yaml loaded]
[2024-01-19 13:22:13,564:INFO:common:yaml file: schema.yaml loaded]
[2024-01-19 13:22:13,564:INFO:common:created directory at: artifacts]
[2024-01-19 13:22:13,564:INFO:common:created directory at: artifacts/data_validation]
[2024-01-19 13:22:13,577:INFO:main:Data Valdiation Stage COMPLETED]
[2024-01-19 13:22:13,577:INFO:main:Data Transformation Stage STARTED]
[2024-01-19 13:22:13,582:INFO:common:yaml file: config/config.yaml loaded]
[2024-01-19 13:22:13,583:INFO:common:yaml file: params.yaml loaded]
[2024-01-19 13:22:13,585:INFO:common:yaml file: schema.yaml loaded]
[2024-01-19 13:22:13,586:INFO:common:created directory at: artifacts]
[2024-01-19 13:22:13,586:INFO:common:created directory at: artifacts/data_transformation]
[2024-01-19 13:22:13,610:INFO:data_transformation:Splitting the data into training and test sets]
[2024-01-19 13:22:13,610:INFO:data_transformation:(1199, 12)]
[2024-01-19 13:22:13,610:INFO:data_transformation:(400, 12)]
[2024-01-19 13:22:13,610:INFO:main:Data Transformation Stage COMPLETED]
[2024-01-19 13:22:13,610:INFO:main:Model Trainer Stage STARTED]
[2024-01-19 13:22:13,614:INFO:common:yaml file: config/config.yaml loaded]
[2024-01-19 13:22:13,616:INFO:common:yaml file: params.yaml loaded]
[2024-01-19 13:22:13,618:INFO:common:yaml file: schema.yaml loaded]
[2024-01-19 13:22:13,618:INFO:common:created directory at: artifacts]
[2024-01-19 13:22:13,619:INFO:common:created directory at: artifacts/model_trainer]
[2024-01-19 13:22:13,688:INFO:main:Model Trainer Stage COMPLETED]
[2024-01-19 13:22:13,688:INFO:main:Model Evaluation Stage STARTED]
[2024-01-19 13:22:13,693:INFO:common:yaml file: config/config.yaml loaded]
[2024-01-19 13:22:13,694:INFO:common:yaml file: params.yaml loaded]
[2024-01-19 13:22:13,696:INFO:common:yaml file: schema.yaml loaded]
[2024-01-19 13:22:13,697:INFO:common:created directory at: artifacts]
[2024-01-19 13:22:13,697:INFO:common:created directory at: artifacts/model_evaluation]
[2024-01-19 13:22:13,707:INFO:common:json file saved at: artifacts/model_evaluation/metrics.json]
[2024-01-19 13:22:13,707:INFO:main:Model Evaluation Stage COMPLETED]
